[2024-08-12 17:04:17,106: INFO: common: yaml file: config\config.yaml loaded successfully]
[2024-08-12 17:04:17,110: INFO: common: yaml file: params.yaml loaded successfully]
[2024-08-12 17:04:17,111: INFO: common: created directory at: artifacts]
[2024-08-12 17:04:17,111: INFO: common: created directory at: artifacts/data_ingestion]
[2024-08-12 17:04:20,139: INFO: 1170291011: artifacts/data_ingestion/data.zip download! with following info: 
Connection: close
Content-Length: 11616915
Cache-Control: max-age=300
Content-Security-Policy: default-src 'none'; style-src 'unsafe-inline'; sandbox
Content-Type: application/zip
ETag: "adf745abc03891fe493c3be264ec012691fe3fa21d861f35a27edbe6d86a76b1"
Strict-Transport-Security: max-age=31536000
X-Content-Type-Options: nosniff
X-Frame-Options: deny
X-XSS-Protection: 1; mode=block
X-GitHub-Request-Id: 0AA8:2F72DE:1B32609:1CA5433:66BA2470
Accept-Ranges: bytes
Date: Mon, 12 Aug 2024 15:04:17 GMT
Via: 1.1 varnish
X-Served-By: cache-fra-eddf8230152-FRA
X-Cache: MISS
X-Cache-Hits: 0
X-Timer: S1723475057.696096,VS0,VE744
Vary: Authorization,Accept-Encoding,Origin
Access-Control-Allow-Origin: *
Cross-Origin-Resource-Policy: cross-origin
X-Fastly-Request-ID: 08c796f78c20a6e87056d8f916e92ddfe0300044
Expires: Mon, 12 Aug 2024 15:09:17 GMT
Source-Age: 1

]
[2024-08-12 17:28:48,353: INFO: main: >>>>>> stage Data Ingestion stage started <<<<<<]
[2024-08-12 17:28:48,356: INFO: common: yaml file: config\config.yaml loaded successfully]
[2024-08-12 17:28:48,357: INFO: common: yaml file: params.yaml loaded successfully]
[2024-08-12 17:28:48,357: INFO: common: created directory at: artifacts]
[2024-08-12 17:28:48,357: INFO: common: created directory at: artifacts/data_ingestion]
[2024-08-12 17:28:48,358: INFO: data_ingestion: File already exists of size: ~ 11345 KB]
[2024-08-12 17:28:48,695: INFO: main: >>>>>> stage Data Ingestion stage completed <<<<<<

x==========x]
[2024-08-12 17:28:48,695: INFO: main: *******************]
[2024-08-12 17:28:48,695: INFO: main: >>>>>> stage Prepare base model started <<<<<<]
[2024-08-12 17:28:48,698: INFO: common: yaml file: config\config.yaml loaded successfully]
[2024-08-12 17:28:48,698: INFO: common: yaml file: params.yaml loaded successfully]
[2024-08-12 17:28:48,699: INFO: common: created directory at: artifacts]
[2024-08-12 17:28:48,699: INFO: common: created directory at: artifacts/prepare_base_model]
[2024-08-12 17:28:48,700: ERROR: main: "'ConfigBox' object has no attribute 'image_size'"]
Traceback (most recent call last):
  File "box\box.py", line 503, in box.box.Box.__getitem__
KeyError: 'IMAGE_SIZE'

The above exception was the direct cause of the following exception:

Traceback (most recent call last):
  File "box\box.py", line 536, in box.box.Box.__getattr__
  File "box\box.py", line 524, in box.box.Box.__getitem__
box.exceptions.BoxKeyError: "'IMAGE_SIZE'"

During handling of the above exception, another exception occurred:

Traceback (most recent call last):
  File "box\box.py", line 538, in box.box.Box.__getattr__
AttributeError: 'ConfigBox' object has no attribute 'IMAGE_SIZE'

The above exception was the direct cause of the following exception:

Traceback (most recent call last):
  File "box\config_box.py", line 28, in box.config_box.ConfigBox.__getattr__
  File "box\box.py", line 552, in box.box.Box.__getattr__
box.exceptions.BoxKeyError: "'ConfigBox' object has no attribute 'IMAGE_SIZE'"

During handling of the above exception, another exception occurred:

Traceback (most recent call last):
  File "box\box.py", line 503, in box.box.Box.__getitem__
KeyError: 'image_size'

The above exception was the direct cause of the following exception:

Traceback (most recent call last):
  File "box\box.py", line 536, in box.box.Box.__getattr__
  File "box\box.py", line 524, in box.box.Box.__getitem__
box.exceptions.BoxKeyError: "'image_size'"

During handling of the above exception, another exception occurred:

Traceback (most recent call last):
  File "box\box.py", line 538, in box.box.Box.__getattr__
AttributeError: 'ConfigBox' object has no attribute 'image_size'

The above exception was the direct cause of the following exception:

Traceback (most recent call last):
  File "main.py", line 26, in <module>
    prepare_base_model.main()
  File "c:\shri_code\chicken_disease_classification\src\cnnClassifier\pipeline\stage_02_prepare_base_model.py", line 14, in main
    prepare_base_model_config = config.get_prepare_base_model_config()
  File "c:\shri_code\chicken_disease_classification\src\cnnClassifier\config\configuration.py", line 52, in get_prepare_base_model_config
    params_image_size=self.params.IMAGE_SIZE,
  File "box\config_box.py", line 30, in box.config_box.ConfigBox.__getattr__
  File "box\box.py", line 552, in box.box.Box.__getattr__
box.exceptions.BoxKeyError: "'ConfigBox' object has no attribute 'image_size'"
[2024-08-12 17:30:58,548: INFO: common: yaml file: config\config.yaml loaded successfully]
[2024-08-12 17:30:58,550: INFO: common: yaml file: params.yaml loaded successfully]
[2024-08-12 17:30:58,551: INFO: common: created directory at: artifacts]
[2024-08-12 17:30:58,552: INFO: common: created directory at: artifacts/prepare_base_model]
[2024-08-13 18:57:55,405: INFO: common: yaml file: config\config.yaml loaded successfully]
[2024-08-13 18:57:55,409: INFO: common: yaml file: params.yaml loaded successfully]
[2024-08-13 18:57:55,411: INFO: common: created directory at: artifacts]
[2024-08-13 18:57:55,411: INFO: common: created directory at: artifacts/prepare_base_model]
[2024-08-13 19:03:56,800: INFO: common: yaml file: config\config.yaml loaded successfully]
[2024-08-13 19:03:56,804: INFO: common: yaml file: params.yaml loaded successfully]
[2024-08-13 19:03:56,805: INFO: common: created directory at: artifacts]
[2024-08-13 19:03:56,806: INFO: common: created directory at: artifacts/prepare_base_model]
[2024-08-13 19:04:02,038: WARNING: saving_utils: Compiled the loaded model, but the compiled metrics have yet to be built. `model.compile_metrics` will be empty until you train or evaluate the model.]
[2024-08-13 19:06:59,516: INFO: main: >>>>>> stage Data Ingestion stage started <<<<<<]
[2024-08-13 19:06:59,519: INFO: common: yaml file: config\config.yaml loaded successfully]
[2024-08-13 19:06:59,521: INFO: common: yaml file: params.yaml loaded successfully]
[2024-08-13 19:06:59,521: INFO: common: created directory at: artifacts]
[2024-08-13 19:06:59,521: INFO: common: created directory at: artifacts/data_ingestion]
[2024-08-13 19:06:59,522: INFO: data_ingestion: File already exists of size: ~ 11345 KB]
[2024-08-13 19:07:00,036: INFO: main: >>>>>> stage Data Ingestion stage completed <<<<<<

x==========x]
[2024-08-13 19:07:00,036: INFO: main: *******************]
[2024-08-13 19:07:00,036: INFO: main: >>>>>> stage Prepare base model started <<<<<<]
[2024-08-13 19:07:00,039: INFO: common: yaml file: config\config.yaml loaded successfully]
[2024-08-13 19:07:00,040: INFO: common: yaml file: params.yaml loaded successfully]
[2024-08-13 19:07:00,042: INFO: common: created directory at: artifacts]
[2024-08-13 19:07:00,042: INFO: common: created directory at: artifacts/prepare_base_model]
[2024-08-13 19:07:00,431: WARNING: saving_utils: Compiled the loaded model, but the compiled metrics have yet to be built. `model.compile_metrics` will be empty until you train or evaluate the model.]
[2024-08-13 19:07:00,637: INFO: main: >>>>>> stage Prepare base model completed <<<<<<

x==========x]
[2024-08-13 19:40:36,792: INFO: common: yaml file: config\config.yaml loaded successfully]
[2024-08-13 19:40:36,792: INFO: common: yaml file: params.yaml loaded successfully]
[2024-08-13 19:40:36,792: INFO: common: created directory at: artifacts]
[2024-08-13 19:40:36,792: INFO: common: created directory at: artifacts\prepare_callbacks\checkpoint_dir]
[2024-08-13 19:40:36,792: INFO: common: created directory at: artifacts\prepare_callbacks\tensorboard_log_dir]
[2024-08-13 19:45:26,096: INFO: common: yaml file: config\config.yaml loaded successfully]
[2024-08-13 19:45:26,098: INFO: common: yaml file: params.yaml loaded successfully]
[2024-08-13 19:45:26,099: INFO: common: created directory at: artifacts]
[2024-08-13 19:45:26,100: INFO: common: created directory at: artifacts\prepare_callbacks\checkpoint_dir]
[2024-08-13 19:45:26,101: INFO: common: created directory at: artifacts\prepare_callbacks\tensorboard_log_dir]
[2024-08-13 19:45:26,102: INFO: common: created directory at: artifacts\training]
[2024-08-15 15:13:52,335: INFO: common: yaml file: config\config.yaml loaded successfully]
[2024-08-15 15:13:52,340: INFO: common: yaml file: params.yaml loaded successfully]
[2024-08-15 15:13:52,342: INFO: common: created directory at: artifacts]
[2024-08-15 15:13:52,343: INFO: common: created directory at: artifacts\prepare_callbacks\checkpoint_dir]
[2024-08-15 15:13:52,344: INFO: common: created directory at: artifacts\prepare_callbacks\tensorboard_log_dir]
[2024-08-15 15:14:49,833: INFO: common: yaml file: config\config.yaml loaded successfully]
[2024-08-15 15:14:49,838: INFO: common: yaml file: params.yaml loaded successfully]
[2024-08-15 15:14:49,839: INFO: common: created directory at: artifacts]
[2024-08-15 15:14:49,840: INFO: common: created directory at: artifacts\prepare_callbacks\checkpoint_dir]
[2024-08-15 15:14:49,841: INFO: common: created directory at: artifacts\prepare_callbacks\tensorboard_log_dir]
[2024-08-15 15:14:49,844: INFO: common: created directory at: artifacts\training]
[2024-08-15 15:22:58,726: INFO: main: >>>>>> stage Data Ingestion stage started <<<<<<]
[2024-08-15 15:22:58,729: INFO: common: yaml file: config\config.yaml loaded successfully]
[2024-08-15 15:22:58,731: INFO: common: yaml file: params.yaml loaded successfully]
[2024-08-15 15:22:58,731: INFO: common: created directory at: artifacts]
[2024-08-15 15:22:58,732: INFO: common: created directory at: artifacts/data_ingestion]
[2024-08-15 15:22:58,732: INFO: data_ingestion: File already exists of size: ~ 11345 KB]
[2024-08-15 15:22:59,221: INFO: main: >>>>>> stage Data Ingestion stage completed <<<<<<

x==========x]
[2024-08-15 15:22:59,222: INFO: main: *******************]
[2024-08-15 15:22:59,222: INFO: main: >>>>>> stage Prepare base model started <<<<<<]
[2024-08-15 15:22:59,225: INFO: common: yaml file: config\config.yaml loaded successfully]
[2024-08-15 15:22:59,227: INFO: common: yaml file: params.yaml loaded successfully]
[2024-08-15 15:22:59,228: INFO: common: created directory at: artifacts]
[2024-08-15 15:22:59,228: INFO: common: created directory at: artifacts/prepare_base_model]
[2024-08-15 15:22:59,735: WARNING: saving_utils: Compiled the loaded model, but the compiled metrics have yet to be built. `model.compile_metrics` will be empty until you train or evaluate the model.]
[2024-08-15 15:23:00,052: INFO: main: >>>>>> stage Prepare base model completed <<<<<<

x==========x]
[2024-08-15 15:23:00,054: INFO: main: *******************]
[2024-08-15 15:23:00,054: INFO: main: >>>>>> stage Training started <<<<<<]
[2024-08-15 15:23:00,057: INFO: common: yaml file: config\config.yaml loaded successfully]
[2024-08-15 15:23:00,059: INFO: common: yaml file: params.yaml loaded successfully]
[2024-08-15 15:23:00,060: INFO: common: created directory at: artifacts]
[2024-08-15 15:23:00,061: INFO: common: created directory at: artifacts\prepare_callbacks\checkpoint_dir]
[2024-08-15 15:23:00,061: INFO: common: created directory at: artifacts\prepare_callbacks\tensorboard_log_dir]
[2024-08-15 15:23:00,063: ERROR: main: 'WindowsPath' object has no attribute 'endswith']
Traceback (most recent call last):
  File "main.py", line 40, in <module>
    model_trainer.main()
  File "c:\shri_code\chicken_disease_classification\src\cnnClassifier\pipeline\stage_03_training.py", line 19, in main
    callback_list = prepare_callbacks.get_tb_ckpt_callbacks()
  File "c:\shri_code\chicken_disease_classification\src\cnnClassifier\components\prepare_callbacks.py", line 36, in get_tb_ckpt_callbacks
    self._create_ckpt_callbacks
  File "c:\shri_code\chicken_disease_classification\src\cnnClassifier\components\prepare_callbacks.py", line 27, in _create_ckpt_callbacks
    return tf.keras.callbacks.ModelCheckpoint(
  File "C:\Users\madde\anaconda3\envs\myenvv\lib\site-packages\keras\src\callbacks.py", line 1369, in __init__
    if filepath and filepath.endswith(".keras") and options is not None:
AttributeError: 'WindowsPath' object has no attribute 'endswith'
[2024-08-15 15:24:59,926: INFO: main: >>>>>> stage Data Ingestion stage started <<<<<<]
[2024-08-15 15:24:59,929: INFO: common: yaml file: config\config.yaml loaded successfully]
[2024-08-15 15:24:59,932: INFO: common: yaml file: params.yaml loaded successfully]
[2024-08-15 15:24:59,932: INFO: common: created directory at: artifacts]
[2024-08-15 15:24:59,932: INFO: common: created directory at: artifacts/data_ingestion]
[2024-08-15 15:24:59,932: INFO: data_ingestion: File already exists of size: ~ 11345 KB]
[2024-08-15 15:25:00,409: INFO: main: >>>>>> stage Data Ingestion stage completed <<<<<<

x==========x]
[2024-08-15 15:25:00,409: INFO: main: *******************]
[2024-08-15 15:25:00,409: INFO: main: >>>>>> stage Prepare base model started <<<<<<]
[2024-08-15 15:25:00,409: INFO: common: yaml file: config\config.yaml loaded successfully]
[2024-08-15 15:25:00,409: INFO: common: yaml file: params.yaml loaded successfully]
[2024-08-15 15:25:00,409: INFO: common: created directory at: artifacts]
[2024-08-15 15:25:00,409: INFO: common: created directory at: artifacts/prepare_base_model]
[2024-08-15 15:25:00,873: WARNING: saving_utils: Compiled the loaded model, but the compiled metrics have yet to be built. `model.compile_metrics` will be empty until you train or evaluate the model.]
[2024-08-15 15:25:01,049: INFO: main: >>>>>> stage Prepare base model completed <<<<<<

x==========x]
[2024-08-15 15:25:01,056: INFO: main: *******************]
[2024-08-15 15:25:01,056: INFO: main: >>>>>> stage Training started <<<<<<]
[2024-08-15 15:25:01,059: INFO: common: yaml file: config\config.yaml loaded successfully]
[2024-08-15 15:25:01,061: INFO: common: yaml file: params.yaml loaded successfully]
[2024-08-15 15:25:01,061: INFO: common: created directory at: artifacts]
[2024-08-15 15:25:01,062: INFO: common: created directory at: artifacts\prepare_callbacks\checkpoint_dir]
[2024-08-15 15:25:01,062: INFO: common: created directory at: artifacts\prepare_callbacks\tensorboard_log_dir]
[2024-08-15 15:25:01,064: ERROR: main: 'PrepareCallbacksConfig' object has no attribute 'monitor_metric']
Traceback (most recent call last):
  File "main.py", line 40, in <module>
    model_trainer.main()
  File "c:\shri_code\chicken_disease_classification\src\cnnClassifier\pipeline\stage_03_training.py", line 19, in main
    callback_list = prepare_callbacks.get_tb_ckpt_callbacks()
  File "c:\shri_code\chicken_disease_classification\src\cnnClassifier\components\prepare_callbacks.py", line 41, in get_tb_ckpt_callbacks
    self._create_ckpt_callbacks
  File "c:\shri_code\chicken_disease_classification\src\cnnClassifier\components\prepare_callbacks.py", line 32, in _create_ckpt_callbacks
    monitor=self.config.monitor_metric,
AttributeError: 'PrepareCallbacksConfig' object has no attribute 'monitor_metric'
[2024-08-15 15:28:27,866: INFO: main: >>>>>> stage Data Ingestion stage started <<<<<<]
[2024-08-15 15:28:27,869: INFO: common: yaml file: config\config.yaml loaded successfully]
[2024-08-15 15:28:27,871: INFO: common: yaml file: params.yaml loaded successfully]
[2024-08-15 15:28:27,872: INFO: common: created directory at: artifacts]
[2024-08-15 15:28:27,873: INFO: common: created directory at: artifacts/data_ingestion]
[2024-08-15 15:28:27,874: INFO: data_ingestion: File already exists of size: ~ 11345 KB]
[2024-08-15 15:28:28,390: INFO: main: >>>>>> stage Data Ingestion stage completed <<<<<<

x==========x]
[2024-08-15 15:28:28,391: INFO: main: *******************]
[2024-08-15 15:28:28,391: INFO: main: >>>>>> stage Prepare base model started <<<<<<]
[2024-08-15 15:28:28,393: INFO: common: yaml file: config\config.yaml loaded successfully]
[2024-08-15 15:28:28,395: INFO: common: yaml file: params.yaml loaded successfully]
[2024-08-15 15:28:28,397: INFO: common: created directory at: artifacts]
[2024-08-15 15:28:28,398: INFO: common: created directory at: artifacts/prepare_base_model]
[2024-08-15 15:28:28,848: WARNING: saving_utils: Compiled the loaded model, but the compiled metrics have yet to be built. `model.compile_metrics` will be empty until you train or evaluate the model.]
[2024-08-15 15:28:29,129: INFO: main: >>>>>> stage Prepare base model completed <<<<<<

x==========x]
[2024-08-15 15:28:29,129: INFO: main: *******************]
[2024-08-15 15:28:29,129: INFO: main: >>>>>> stage Training started <<<<<<]
[2024-08-15 15:28:29,138: INFO: common: yaml file: config\config.yaml loaded successfully]
[2024-08-15 15:28:29,141: INFO: common: yaml file: params.yaml loaded successfully]
[2024-08-15 15:28:29,141: INFO: common: created directory at: artifacts]
[2024-08-15 15:28:29,141: INFO: common: created directory at: artifacts\prepare_callbacks\checkpoint_dir]
[2024-08-15 15:28:29,142: INFO: common: created directory at: artifacts\prepare_callbacks\tensorboard_log_dir]
[2024-08-15 15:28:29,145: INFO: common: created directory at: artifacts\training]
[2024-08-15 15:28:48,465: INFO: main: >>>>>> stage Training completed <<<<<<

x==========x]
[2024-08-15 15:43:13,872: INFO: main: >>>>>> stage Data Ingestion stage started <<<<<<]
[2024-08-15 15:43:13,875: INFO: common: yaml file: config\config.yaml loaded successfully]
[2024-08-15 15:43:13,878: INFO: common: yaml file: params.yaml loaded successfully]
[2024-08-15 15:43:13,878: INFO: common: created directory at: artifacts]
[2024-08-15 15:43:13,879: INFO: common: created directory at: artifacts/data_ingestion]
[2024-08-15 15:43:13,879: INFO: data_ingestion: File already exists of size: ~ 11345 KB]
[2024-08-15 15:43:14,260: INFO: main: >>>>>> stage Data Ingestion stage completed <<<<<<

x==========x]
[2024-08-15 15:43:14,261: INFO: main: *******************]
[2024-08-15 15:43:14,262: INFO: main: >>>>>> stage Prepare base model started <<<<<<]
[2024-08-15 15:43:14,265: INFO: common: yaml file: config\config.yaml loaded successfully]
[2024-08-15 15:43:14,266: INFO: common: yaml file: params.yaml loaded successfully]
[2024-08-15 15:43:14,267: INFO: common: created directory at: artifacts]
[2024-08-15 15:43:14,267: INFO: common: created directory at: artifacts/prepare_base_model]
[2024-08-15 15:43:14,646: WARNING: saving_utils: Compiled the loaded model, but the compiled metrics have yet to be built. `model.compile_metrics` will be empty until you train or evaluate the model.]
[2024-08-15 15:43:14,875: INFO: main: >>>>>> stage Prepare base model completed <<<<<<

x==========x]
[2024-08-15 15:43:14,876: INFO: main: *******************]
[2024-08-15 15:43:14,876: INFO: main: >>>>>> stage Training started <<<<<<]
[2024-08-15 15:43:14,879: INFO: common: yaml file: config\config.yaml loaded successfully]
[2024-08-15 15:43:14,881: INFO: common: yaml file: params.yaml loaded successfully]
[2024-08-15 15:43:14,881: INFO: common: created directory at: artifacts]
[2024-08-15 15:43:14,882: INFO: common: created directory at: artifacts\prepare_callbacks\checkpoint_dir]
[2024-08-15 15:43:14,882: INFO: common: created directory at: artifacts\prepare_callbacks\tensorboard_log_dir]
[2024-08-15 15:43:14,886: INFO: common: created directory at: artifacts\training]
[2024-08-15 15:43:32,939: INFO: main: >>>>>> stage Training completed <<<<<<

x==========x]
[2024-08-15 15:43:32,940: INFO: main: *******************]
[2024-08-15 15:43:32,941: INFO: main: >>>>>> stage Evaluation stage started <<<<<<]
[2024-08-15 15:43:32,944: INFO: common: yaml file: config\config.yaml loaded successfully]
[2024-08-15 15:43:32,946: INFO: common: yaml file: params.yaml loaded successfully]
[2024-08-15 15:43:32,947: INFO: common: created directory at: artifacts]
[2024-08-15 15:43:39,458: INFO: common: json file saved at: scores.json]
[2024-08-15 15:43:39,462: INFO: main: >>>>>> stage Evaluation stage completed <<<<<<

x==========x]
[2024-08-15 15:52:13,749: INFO: stage_01_data_ingestion: >>>>>> stage Data Ingestion stage started <<<<<<]
[2024-08-15 15:52:13,752: INFO: common: yaml file: config\config.yaml loaded successfully]
[2024-08-15 15:52:13,754: INFO: common: yaml file: params.yaml loaded successfully]
[2024-08-15 15:52:13,755: INFO: common: created directory at: artifacts]
[2024-08-15 15:52:13,755: INFO: common: created directory at: artifacts/data_ingestion]
[2024-08-15 15:52:13,755: INFO: data_ingestion: File already exists of size: ~ 11345 KB]
[2024-08-15 15:52:14,253: INFO: stage_01_data_ingestion: >>>>>> stage Data Ingestion stage completed <<<<<<

x==========x]
[2024-08-15 15:52:57,177: INFO: stage_01_data_ingestion: >>>>>> stage Data Ingestion stage started <<<<<<]
[2024-08-15 15:52:57,180: INFO: common: yaml file: config\config.yaml loaded successfully]
[2024-08-15 15:52:57,184: INFO: common: yaml file: params.yaml loaded successfully]
[2024-08-15 15:52:57,185: INFO: common: created directory at: artifacts]
[2024-08-15 15:52:57,186: INFO: common: created directory at: artifacts/data_ingestion]
[2024-08-15 15:52:57,187: INFO: data_ingestion: File already exists of size: ~ 11345 KB]
[2024-08-15 15:52:57,716: INFO: stage_01_data_ingestion: >>>>>> stage Data Ingestion stage completed <<<<<<

x==========x]
[2024-08-15 15:54:17,942: INFO: stage_01_data_ingestion: >>>>>> stage Data Ingestion stage started <<<<<<]
[2024-08-15 15:54:17,944: INFO: common: yaml file: config\config.yaml loaded successfully]
[2024-08-15 15:54:17,947: INFO: common: yaml file: params.yaml loaded successfully]
[2024-08-15 15:54:17,948: INFO: common: created directory at: artifacts]
[2024-08-15 15:54:17,948: INFO: common: created directory at: artifacts/data_ingestion]
[2024-08-15 15:54:17,949: INFO: data_ingestion: File already exists of size: ~ 11345 KB]
[2024-08-15 15:54:18,413: INFO: stage_01_data_ingestion: >>>>>> stage Data Ingestion stage completed <<<<<<

x==========x]
[2024-08-15 15:57:05,933: INFO: stage_01_data_ingestion: >>>>>> stage Data Ingestion stage started <<<<<<]
[2024-08-15 15:57:05,938: INFO: common: yaml file: config\config.yaml loaded successfully]
[2024-08-15 15:57:05,940: INFO: common: yaml file: params.yaml loaded successfully]
[2024-08-15 15:57:05,941: INFO: common: created directory at: artifacts]
[2024-08-15 15:57:05,942: INFO: common: created directory at: artifacts/data_ingestion]
[2024-08-15 15:57:05,942: INFO: data_ingestion: File already exists of size: ~ 11345 KB]
[2024-08-15 15:57:06,504: INFO: stage_01_data_ingestion: >>>>>> stage Data Ingestion stage completed <<<<<<

x==========x]
[2024-08-15 16:14:30,225: INFO: stage_01_data_ingestion: >>>>>> stage Data Ingestion stage started <<<<<<]
[2024-08-15 16:14:30,225: INFO: common: yaml file: config\config.yaml loaded successfully]
[2024-08-15 16:14:30,238: INFO: common: yaml file: params.yaml loaded successfully]
[2024-08-15 16:14:30,238: INFO: common: created directory at: artifacts]
[2024-08-15 16:14:30,238: INFO: common: created directory at: artifacts/data_ingestion]
[2024-08-15 16:14:30,240: INFO: data_ingestion: File already exists of size: ~ 11345 KB]
[2024-08-15 16:14:30,759: INFO: stage_01_data_ingestion: >>>>>> stage Data Ingestion stage completed <<<<<<

x==========x]
[2024-08-15 16:20:34,958: INFO: stage_01_data_ingestion: >>>>>> stage Data Ingestion stage started <<<<<<]
[2024-08-15 16:20:34,962: INFO: common: yaml file: config\config.yaml loaded successfully]
[2024-08-15 16:20:34,966: INFO: common: yaml file: params.yaml loaded successfully]
[2024-08-15 16:20:34,966: INFO: common: created directory at: artifacts]
[2024-08-15 16:20:34,970: INFO: common: created directory at: artifacts/data_ingestion]
[2024-08-15 16:20:48,207: INFO: data_ingestion: artifacts/data_ingestion/data.zip download! with following info: 
Connection: close
Content-Length: 11616915
Cache-Control: max-age=300
Content-Security-Policy: default-src 'none'; style-src 'unsafe-inline'; sandbox
Content-Type: application/zip
ETag: "adf745abc03891fe493c3be264ec012691fe3fa21d861f35a27edbe6d86a76b1"
Strict-Transport-Security: max-age=31536000
X-Content-Type-Options: nosniff
X-Frame-Options: deny
X-XSS-Protection: 1; mode=block
X-GitHub-Request-Id: D06A:1200BD:304B1E:321EC5:66BE0EB2
Accept-Ranges: bytes
Date: Thu, 15 Aug 2024 14:20:35 GMT
Via: 1.1 varnish
X-Served-By: cache-fra-eddf8230033-FRA
X-Cache: MISS
X-Cache-Hits: 0
X-Timer: S1723731635.504209,VS0,VE808
Vary: Authorization,Accept-Encoding,Origin
Access-Control-Allow-Origin: *
Cross-Origin-Resource-Policy: cross-origin
X-Fastly-Request-ID: 9a35739005a1a014eb2929cf8b61574ff7a959d9
Expires: Thu, 15 Aug 2024 14:25:35 GMT
Source-Age: 1

]
[2024-08-15 16:20:48,721: INFO: stage_01_data_ingestion: >>>>>> stage Data Ingestion stage completed <<<<<<

x==========x]
[2024-08-15 16:21:02,803: INFO: stage_02_prepare_base_model: *******************]
[2024-08-15 16:21:02,803: INFO: stage_02_prepare_base_model: >>>>>> stage Prepare base model started <<<<<<]
[2024-08-15 16:21:02,807: INFO: common: yaml file: config\config.yaml loaded successfully]
[2024-08-15 16:21:02,807: INFO: common: yaml file: params.yaml loaded successfully]
[2024-08-15 16:21:02,807: INFO: common: created directory at: artifacts]
[2024-08-15 16:21:02,811: INFO: common: created directory at: artifacts/prepare_base_model]
[2024-08-15 16:21:04,895: WARNING: saving_utils: Compiled the loaded model, but the compiled metrics have yet to be built. `model.compile_metrics` will be empty until you train or evaluate the model.]
[2024-08-15 16:21:06,756: INFO: stage_02_prepare_base_model: >>>>>> stage Prepare base model completed <<<<<<

x==========x]
[2024-08-15 16:21:17,364: INFO: stage_03_training: *******************]
[2024-08-15 16:21:17,364: INFO: stage_03_training: >>>>>> stage Training started <<<<<<]
[2024-08-15 16:21:17,364: INFO: common: yaml file: config\config.yaml loaded successfully]
[2024-08-15 16:21:17,380: INFO: common: yaml file: params.yaml loaded successfully]
[2024-08-15 16:21:17,380: INFO: common: created directory at: artifacts]
[2024-08-15 16:21:17,380: INFO: common: created directory at: artifacts\prepare_callbacks\checkpoint_dir]
[2024-08-15 16:21:17,380: INFO: common: created directory at: artifacts\prepare_callbacks\tensorboard_log_dir]
[2024-08-15 16:21:17,380: INFO: common: created directory at: artifacts\training]
[2024-08-15 16:21:53,216: INFO: stage_03_training: >>>>>> stage Training completed <<<<<<

x==========x]
[2024-08-15 16:22:05,516: INFO: stage_04_evaluation: *******************]
[2024-08-15 16:22:05,516: INFO: stage_04_evaluation: >>>>>> stage Evaluation stage started <<<<<<]
[2024-08-15 16:22:05,516: INFO: common: yaml file: config\config.yaml loaded successfully]
[2024-08-15 16:22:05,516: INFO: common: yaml file: params.yaml loaded successfully]
[2024-08-15 16:22:05,516: INFO: common: created directory at: artifacts]
[2024-08-15 16:22:15,520: INFO: common: json file saved at: scores.json]
[2024-08-15 16:22:15,520: INFO: stage_04_evaluation: >>>>>> stage Evaluation stage completed <<<<<<

x==========x]
[2024-08-15 16:31:23,170: INFO: _internal: [31m[1mWARNING: This is a development server. Do not use it in a production deployment. Use a production WSGI server instead.[0m
 * Running on all addresses (0.0.0.0)
 * Running on http://127.0.0.1:80
 * Running on http://10.18.13.127:80]
[2024-08-15 16:31:23,170: INFO: _internal: [33mPress CTRL+C to quit[0m]
[2024-08-15 16:31:37,732: INFO: _internal: 127.0.0.1 - - [15/Aug/2024 16:31:37] "GET / HTTP/1.1" 200 -]
[2024-08-15 16:32:29,368: INFO: _internal: 127.0.0.1 - - [15/Aug/2024 16:32:29] "POST /predict HTTP/1.1" 200 -]
[2024-08-15 16:32:37,108: INFO: _internal: 127.0.0.1 - - [15/Aug/2024 16:32:37] "POST /predict HTTP/1.1" 200 -]
[2024-08-15 16:32:43,097: INFO: _internal: 127.0.0.1 - - [15/Aug/2024 16:32:43] "GET / HTTP/1.1" 200 -]
